

Working Directory = /home/vlsi_F13/Desktop/kushwanth_viv/work
QoS Summary for topmodule1
=========================================================================================================
Metric                          generic         map             syn_opt         final           final1         
=========================================================================================================
Slack (ps):                     1,082             381               0               0               0
  R2R (ps):                     1,082             381               0               0               0
  I2R (ps):                  no_value        no_value        no_value        no_value        no_value
  R2O (ps):                  no_value        no_value        no_value        no_value        no_value
  I2O (ps):                  no_value        no_value        no_value        no_value        no_value
  CG  (ps):                    30,112          28,231          27,338          27,338          27,338
TNS (ps):                           0               0               0               0               0
  R2R (ps):                         0               0               0               0               0
  I2R (ps):                  no_value        no_value        no_value        no_value        no_value
  R2O (ps):                  no_value        no_value        no_value        no_value        no_value
  I2O (ps):                  no_value        no_value        no_value        no_value        no_value
  CG  (ps):                         0               0               0               0               0
Failing Paths:                      0               0               0               0               0
Cell Area:                      2,838         227,610         217,888         217,888         217,888
Total Cell Area:                2,838         227,610         217,888         217,888         217,888
Leaf Instances:                36,380          19,853          18,865          18,865          18,865
Total Instances:               36,380          19,853          18,865          18,865          18,865
Utilization (%):                 0.00            0.00            0.00            0.00            0.00
Tot. Net Length (um):        no_value        no_value        no_value        no_value        no_value
Avg. Net Length (um):        no_value        no_value        no_value        no_value        no_value
Route Overflow H (%):        no_value        no_value        no_value        no_value        no_value
Route Overflow V (%):        no_value        no_value        no_value        no_value        no_value
MBCI(%) (bits/gate) :            0.00            0.00            0.00            0.00            0.00
Norm Cong Hotspot Area:
  Max Cong:                  no_value        no_value        no_value        no_value        no_value
  Tot Cong:                  no_value        no_value        no_value        no_value        no_value
=========================================================================================================
CPU  Runtime (h:m:s):        00:35:28        00:41:37        00:32:39        00:30:04        00:30:01
Real Runtime (h:m:s):        00:34:07        00:39:51        00:32:25        00:30:07        00:30:03
CPU  Elapsed (h:m:s):        00:35:34        00:47:11        00:49:50        00:49:54        00:49:54
Real Elapsed (h:m:s):        00:34:10        00:44:01        00:46:26        00:46:32        00:46:36
Memory (MB):                  1640.84         1656.96         1629.95         1637.96         1637.96
=========================================================================================================
=========================================================================================================
Flow Settings:
=========================================================================================================
Total Runtime (h:m:s): 00:46:37
Total Memory (MB):     1637.96
Executable Version:    20.11-s111_1
=========================================================================================================
Total Cell Area =  Cell Area + Physical Cell Area
Total Instances =  Leaf Instances + Physical Instances


