============================================================
  Generated by:           Genus(TM) Synthesis Solution 20.11-s111_1
  Generated on:           Jun 12 2026  08:43:57 pm
  Module:                 topmodule1
  Technology libraries:   slow 
                          fast 
                          typical 
                          physical_cells 
                          slow 
                          fast 
                          typical 
                          physical_cells 
  Operating conditions:   slow 
  Interconnect mode:      global
  Area mode:              physical library
============================================================

Timing
--------

Clock  Period 
--------------
clk   40000.0 
vclk  40000.0 


        Cost          Critical         Violating 
       Group         Path Slack  TNS     Paths   
-------------------------------------------------
cg_enable_group_clk     27338.2   0.0          0 
clk                         0.0   0.0          0 
default                No paths   0.0            
vclk                   No paths   0.0            
-------------------------------------------------
Total                             0.0          0 

Instance Count
--------------
Leaf Instance Count             18865 
Physical Instance count             0 
Sequential Instance Count        5585 
Combinational Instance Count    13280 
Hierarchical Instance Count       181 

Area
----
Cell Area                          217888.046
Physical Cell Area                 0.000
Total Cell Area (Cell+Physical)    217888.046
Net Area                           61286.482
Total Area (Cell+Physical+Net)     279174.528

Runtime                            519.181332 seconds
Elapsed Runtime                    1000 seconds
Genus peak memory usage            1637.96 
Innovus peak memory usage          no_value 
Hostname                           localhost
