============================================================
  Generated by:           Genus(TM) Synthesis Solution 20.11-s111_1
  Generated on:           Jun 12 2026  08:43:57 pm
  Module:                 topmodule1
  Technology libraries:   slow 
                          fast 
                          typical 
                          physical_cells 
                          slow 
                          fast 
                          typical 
                          physical_cells 
  Operating conditions:   slow 
  Interconnect mode:      global
  Area mode:              physical library
============================================================

                                      Leakage   
    Gate     Instances     Area     Power (nW)  Library 
--------------------------------------------------------
ACHCONX2            31    1173.195    10095.212    slow 
ADDFHX1              1      21.193       93.146    slow 
ADDFHX2              5     113.535      637.215    slow 
ADDFX1               4      78.718      337.905    slow 
ADDFX2               1      21.950      111.308    slow 
ADDHX1              21     254.318     2006.157    slow 
AND2X1             203     921.904     5515.734    slow 
AND2X2               1       5.298       37.775    slow 
AND2X4              27     224.799     1888.178    slow 
AND2X6              30     340.605     3329.220    slow 
AND2X8               9     122.618     1235.619    slow 
AND3X1               3      18.166       79.264    slow 
AND3X2              10      68.121      379.144    slow 
AND3X4               1       9.083       70.356    slow 
AND4X2               1       7.569       38.299    slow 
AND4X4               1       9.840       71.146    slow 
AO21X1              24     163.490     1023.319    slow 
AO21X2              11      83.259      553.831    slow 
AO21X4               1       9.840       78.779    slow 
AO22X1             208    1574.352     8962.158    slow 
AO22X4               1      10.597       72.788    slow 
AOI211X1            28     148.352      558.468    slow 
AOI211X2             6      63.580      239.800    slow 
AOI211X4             7     137.756      557.024    slow 
AOI21X1            223    1012.732     4047.026    slow 
AOI21X2            119     990.782     4286.713    slow 
AOI21X4            481    6917.309    34604.774    slow 
AOI221X1           364    2755.116     7098.837    slow 
AOI221X2             1      13.624       39.126    slow 
AOI221X4             2      48.442      155.286    slow 
AOI222X2             1      15.895       39.417    slow 
AOI222XL           165    1373.774     2145.742    slow 
AOI22X1            517    3130.538     9475.421    slow 
AOI22X2             62     610.061     2253.179    slow 
AOI22X4             39     737.977     2822.297    slow 
AOI2BB1X1            7      42.386      220.075    slow 
AOI2BB1X2            4      33.304      150.113    slow 
AOI2BB1X4           12     145.325      899.164    slow 
AOI2BB2X1            2      18.166       71.894    slow 
AOI2BB2X2           18     231.611      992.842    slow 
AOI2BB2X4           26     570.703     2658.006    slow 
AOI31X1              6      36.331      107.331    slow 
AOI31X2              1       9.840       35.412    slow 
AOI31X4              9     183.927      637.567    slow 
AOI32X1             28     190.739      518.241    slow 
AOI32X2              8      96.883      294.571    slow 
AOI32X4              4      93.856      292.596    slow 
AOI33XL              1       7.569       12.192    slow 
BMXIX2              13     255.832     1612.962    slow 
BUFX12               5      79.475     1099.545    slow 
BUFX16              11     233.125     2049.872    slow 
BUFX2              255    1158.057    10529.103    slow 
BUFX20               3      77.204     1100.958    slow 
BUFX3               61     369.367     3783.305    slow 
BUFX4                2      13.624      150.086    slow 
BUFX6              100     908.280    12124.100    slow 
BUFX8                1      11.354      147.403    slow 
CLKAND2X12          49    1149.731    12053.657    slow 
CLKAND2X2           91     482.145     4094.782    slow 
CLKAND2X3           81     735.707     6543.204    slow 
CLKAND2X4            2      19.679      169.703    slow 
CLKAND2X6          129    1952.802    20819.568    slow 
CLKAND2X8            9     156.678     1505.304    slow 
CLKINVX1          1043    2368.340    13574.541    slow 
CLKINVX12           39     472.306     5866.263    slow 
CLKINVX16           18     299.732     1695.116    slow 
CLKINVX2           230     870.435     5977.217    slow 
CLKINVX20           13     255.832     3269.136    slow 
CLKINVX3           116     526.802     4521.900    slow 
CLKINVX4            66     399.643     3423.823    slow 
CLKINVX6            99     674.398     7450.770    slow 
CLKINVX8            51     463.223     5161.047    slow 
CLKMX2X4             1      10.597       84.746    slow 
CLKXOR2X1          278    2314.600    20166.899    slow 
CLKXOR2X2            7      63.580      587.485    slow 
DFFQX1            2048   32552.755   202516.079    slow 
DFFRHQX1          3327   67991.570   334203.814    slow 
DFFRHQX2             7     148.352      852.327    slow 
DFFRHQX4            35     900.711     5779.200    slow 
DFFRX1               1      21.950      125.760    slow 
DFFSHQX1             4      84.773      434.004    slow 
DFFSHQX4             1      25.735      188.316    slow 
INVX12               4      48.442      601.668    slow 
INVX16              11     183.170     1035.904    slow 
INVX2               34     128.673      883.589    slow 
INVX3               10      45.414      389.819    slow 
INVX4               15      90.828      778.141    slow 
INVX6                9      61.309      677.343    slow 
INVX8                9      81.745      910.773    slow 
INVXL                1       2.271        8.757    slow 
MX2X1              247    1682.589    13383.077    slow 
MX4XL              640   11625.984    50153.155    slow 
MXI2X1              37     252.048     1207.402    slow 
MXI2X6               3      43.143      487.755    slow 
MXI2XL             329    1992.161     8895.535    slow 
MXI4X1             562   10209.067    53452.215    slow 
NAND2BX1            75     340.605     2624.010    slow 
NAND2BX2            93     633.525     5096.819    slow 
NAND2BX4            47     533.615     4703.948    slow 
NAND2BXL            79     358.771     2273.106    slow 
NAND2X1            192     726.624     2692.992    slow 
NAND2X2            446    2700.619    12495.805    slow 
NAND2X4            322    3168.383    18034.286    slow 
NAND2X6            100    1438.110     8142.010    slow 
NAND2X8             37     616.117     4048.910    slow 
NAND2XL            379    1147.460     3520.675    slow 
NAND3BX1             8      48.442      273.530    slow 
NAND3BX2             5      45.414      266.001    slow 
NAND3BX4            11     174.844     1086.458    slow 
NAND3X1             36     163.490      543.924    slow 
NAND3X2              6      49.955      180.685    slow 
NAND3X4             51     733.436     3067.609    slow 
NAND3X6             25     529.830     2190.548    slow 
NAND3X8              5     121.104      588.130    slow 
NAND4BBX4            1      23.464      141.821    slow 
NAND4BX2             1      12.867       52.062    slow 
NAND4BXL             1       6.812       27.800    slow 
NAND4X2              4      45.414      128.480    slow 
NAND4X4              8     163.490      513.367    slow 
NAND4X6              9     211.175      847.813    slow 
NAND4XL             52     275.512      543.873    slow 
NOR2BX1            200     908.280     4007.580    slow 
NOR2BX2             18     122.618      690.838    slow 
NOR2BX4              8      90.828      605.312    slow 
NOR2X1             104     393.588     1888.432    slow 
NOR2X2             210    1271.592     7573.650    slow 
NOR2X4             191    1879.383    13778.453    slow 
NOR2X6              74     952.180     7723.380    slow 
NOR2X8              28     466.250     3946.488    slow 
NOR2XL             344    1041.494     4251.221    slow 
NOR3BX2              4      39.359      169.568    slow 
NOR3BX4              8     139.270      677.590    slow 
NOR3BXL              2      12.110       33.019    slow 
NOR3X1               6      27.248      122.055    slow 
NOR3X2               1       9.083       40.352    slow 
NOR3X4              22     349.688     1774.667    slow 
NOR3X6               9     190.739     1048.572    slow 
NOR3X8               1      27.248      157.643    slow 
NOR4BX1              5      34.060      112.884    slow 
NOR4BX2              1      12.867       43.878    slow 
NOR4X1               3      18.166       62.777    slow 
NOR4X4               2      39.359      166.335    slow 
NOR4X6               2      46.928      238.978    slow 
NOR4X8               1      31.790      161.575    slow 
OA21X1               4      27.248      131.802    slow 
OA21X2               1       8.326       42.077    slow 
OA21X4               1       9.840       76.429    slow 
OA22X1              48     363.312     2044.522    slow 
OA22X4               2      22.707      166.327    slow 
OAI211X1            34     180.142      479.512    slow 
OAI211X2             9     102.181      252.562    slow 
OAI211X4            10     196.794      561.636    slow 
OAI21X1            318    1444.165     4129.262    slow 
OAI21X2            243    2023.194     6315.643    slow 
OAI21X4            387    5565.486    20112.584    slow 
OAI21XL              3      13.624       26.185    slow 
OAI221X1           231    1748.439     3035.918    slow 
OAI221X2             3      40.873       78.280    slow 
OAI221X4             6     145.325      312.518    slow 
OAI222XL            60     499.554      734.298    slow 
OAI22X1            281    1701.511     5032.822    slow 
OAI22X2             98     964.291     3508.920    slow 
OAI22X4             83    1696.213     5936.625    slow 
OAI2BB1X1          130     688.779     2764.684    slow 
OAI2BB1X2           34     257.346     1071.173    slow 
OAI2BB1X4           62     750.845     3819.175    slow 
OAI2BB2X1            2      19.679      116.725    slow 
OAI2BB2X2           15     215.716     1222.314    slow 
OAI2BB2X4            3      68.121      420.060    slow 
OAI31X1              7      42.386       98.166    slow 
OAI31X2              4      45.414      113.449    slow 
OAI31X4              4      81.745      225.489    slow 
OAI32X1              1       6.812       17.872    slow 
OAI32X2              3      40.873      106.700    slow 
OAI33X1              1       8.326       19.963    slow 
OR2X1               58     263.401     2468.271    slow 
OR2X2               23     121.861     1278.968    slow 
OR2X4               18     149.866     1736.735    slow 
OR2X6               10     113.535     1639.830    slow 
OR2XL                6      27.248      229.678    slow 
OR3X1                2      12.110      113.957    slow 
OR3X2                1       6.812       70.076    slow 
OR4X1                6      40.873      427.352    slow 
TLATNTSCAX2        162    2820.209    16860.474    slow 
XNOR2X1            282    2347.904    19895.692    slow 
XNOR2X2             10     105.966      942.911    slow 
XNOR2X4              6      68.121      853.296    slow 
XNOR3X1              8     181.656     1590.080    slow 
XNOR3XL              2      45.414      391.652    slow 
XOR2X4               2      22.707      261.844    slow 
XOR2XL             101     840.916     6894.654    slow 
XOR3X1               1      22.707      197.993    slow 
--------------------------------------------------------
total            18865  217888.046  1180543.858         


                                                           Leakage   Leakage 
            Type             Instances    Area    Area %  Power (nW) Power % 
-----------------------------------------------------------------------------
sequential                        5423 101725.846   46.7  544099.499    46.1 
inverter                          1768   6972.563    3.2   56225.806     4.8 
buffer                             438   2850.485    1.3   30984.372     2.6 
clock_gating_integrated_cell       162   2820.209    1.3   16860.474     1.4 
unresolved                           2      0.000    0.0       0.000     0.0 
logic                            11074 103518.942   47.5  532373.706    45.1 
physical_cells                       0      0.000    0.0       0.000     0.0 
-----------------------------------------------------------------------------
total                            18867 217888.046  100.0 1180543.858   100.0 

