============================================================
  Generated by:           Genus(TM) Synthesis Solution 20.11-s111_1
  Generated on:           Jun 12 2026  08:31:30 pm
  Module:                 topmodule1
  Technology libraries:   slow 
                          fast 
                          typical 
                          physical_cells 
                          slow 
                          fast 
                          typical 
                          physical_cells 
  Operating conditions:   slow 
  Interconnect mode:      global
  Area mode:              physical library
============================================================

Timing
--------

Clock  Period 
--------------
clk   40000.0 
vclk  40000.0 


        Cost          Critical         Violating 
       Group         Path Slack  TNS     Paths   
-------------------------------------------------
cg_enable_group_clk     30112.5   0.0          0 
clk                      1082.2   0.0          0 
default                No paths   0.0            
vclk                   No paths   0.0            
-------------------------------------------------
Total                             0.0          0 

Instance Count
--------------
Leaf Instance Count             36380 
Physical Instance count             0 
Sequential Instance Count        5586 
Combinational Instance Count    30794 
Hierarchical Instance Count       190 

Area
----
Cell Area                          382408.943
Physical Cell Area                 0.000
Total Cell Area (Cell+Physical)    382408.943
Net Area                           613.675
Total Area (Cell+Physical+Net)     383022.618

Runtime                            1.0 seconds
Elapsed Runtime                    254 seconds
Genus peak memory usage            1640.84 
Innovus peak memory usage          no_value 
Hostname                           localhost
