============================================================
  Generated by:           Genus(TM) Synthesis Solution 20.11-s111_1
  Generated on:           Jun 12 2026  08:31:30 pm
  Module:                 topmodule1
  Technology libraries:   slow 
                          fast 
                          typical 
                          physical_cells 
                          slow 
                          fast 
                          typical 
                          physical_cells 
  Operating conditions:   slow 
  Interconnect mode:      global
  Area mode:              physical library
============================================================

              Instance                          Module             Cell Count  Cell Area  Net Area   Total Area 
----------------------------------------------------------------------------------------------------------------
topmodule1                                                              36380 382408.943   613.675   383022.618 
  D1                                decode_cycle                         6553  72101.967    64.993    72166.961 
    C1                              controlunit                           114    865.913     0.000      865.913 
    M1                              mux2                                   15    114.438     0.000      114.438 
    M2                              mux                                    77    587.448     0.000      587.448 
    R1                              RegisterFileUnit                     6224  67323.943    63.024    67386.967 
    S1                              sign_extend                             1      7.629     0.000        7.629 
  E1                                execute_cycle                       13598 105046.331   221.745   105268.076 
    A1                              ALU                                 13196 100552.737    64.993   100617.731 
      csa_tree_eq_83_23_groupi      csa_tree_eq_83_23_group_2             250   1907.298     0.000     1907.298 
      final_adder_F_F_mux_rd_d_26_6 add_unsigned_697                      308   2349.791     0.000     2349.791 
      gt_71_30_Y_lt_38_31           gt_leq_signed_1517_4160               150   1144.379     0.000     1144.379 
      gt_72_21_Y_lt_39_22           gt_leq_unsigned_4161                  150   1144.379     0.000     1144.379 
      rem_60_52_Y_div_58_52         shared_div_rem_unsigned_217          9776  74464.719     0.000    74464.719 
      sll_37_22                     shift_left_vlog_unsigned              393   2998.272     0.000     2998.272 
      sra_42_30                     arith_shift_right_vlog_signed         417   3181.373     0.000     3181.373 
      srl_41_21                     shift_right_vlog_unsigned             393   2998.272     0.000     2998.272 
    M1                              mux3to1                               163   1243.558     0.000     1243.558 
    M2                              mux3to1_1                             163   1243.558     0.000     1243.558 
  F1                                fetch_cycle                          8007 101499.538   129.987   101629.525 
    I1                              instruction_mem                      7910 100034.247   126.048   100160.295 
    P1                              ProgramCounter                         30    341.649     1.969      343.619 
  H1                                hazardunit                            139   1060.458     0.000     1060.458 
  M1                                memory_cycle                         7987 101968.247   126.048   102094.295 
    DM1                             DataMemory                           7915 100068.579   126.048   100194.626 
  M2                                mux_218                                96    732.402     0.000      732.402 
