============================================================
  Generated by:           Genus(TM) Synthesis Solution 20.11-s111_1
  Generated on:           Jun 12 2026  08:31:33 pm
  Module:                 topmodule1
  Technology libraries:   slow 
                          fast 
                          typical 
                          physical_cells 
                          slow 
                          fast 
                          typical 
                          physical_cells 
  Operating conditions:   slow 
  Interconnect mode:      global
  Area mode:              physical library
============================================================

                                   Leakage  
    Gate     Instances    Area   Power (nW) Library 
----------------------------------------------------
TLATNTSCAX2        163  2837.618  16964.551    slow 
----------------------------------------------------
total              163  2837.618  16964.551         


                                                         Leakage  Leakage 
            Type             Instances   Area   Area % Power (nW) Power % 
--------------------------------------------------------------------------
sequential                        5423    0.000    0.0 662489.960    72.1 
inverter                            44    0.000    0.0    385.305     0.0 
clock_gating_integrated_cell       163 2837.618  100.0  16964.551     1.8 
unresolved                           2    0.000    0.0      0.000     0.0 
logic                            30750    0.000    0.0 238636.560    26.0 
physical_cells                       0    0.000    0.0      0.000     0.0 
--------------------------------------------------------------------------
total                            36382 2837.618  100.0 918476.376   100.0 

