============================================================
  Generated by:           Genus(TM) Synthesis Solution 20.11-s111_1
  Generated on:           Jun 12 2026  08:41:21 pm
  Module:                 topmodule1
  Technology libraries:   slow 
                          fast 
                          typical 
                          physical_cells 
                          slow 
                          fast 
                          typical 
                          physical_cells 
  Operating conditions:   slow 
  Interconnect mode:      global
  Area mode:              physical library
============================================================

 Instance       Module       Cell Count  Cell Area  Net Area   Total Area 
--------------------------------------------------------------------------
topmodule1                        19853 227610.427 63549.837   291160.263 
  D1       decode_cycle            2662  36321.360  8120.385    44441.745 
    C1     controlunit               65    318.655   176.497      495.152 
    M1     mux2                       5     34.060     0.000       34.060 
    M2     mux                       34    196.037    40.400      236.437 
    R1     RegisterFileUnit        2380  33045.497  7517.870    40563.367 
    S1     sign_extend                1      4.541     0.000        4.541 
  E1       execute_cycle          10416  84621.420 32804.536   117425.956 
    A1     ALU                    10042  80207.936 30514.618   110722.554 
    M1     mux3to1                   78    587.354   181.749      769.104 
    M2     mux3to1_1                191   1983.835   409.100     2392.935 
  F1       fetch_cycle             3276  47712.705  8071.753    55784.458 
    I1     instruction_mem         3194  46630.338  7886.166    54516.504 
    P1     ProgramCounter            15    214.960    24.593      239.553 
  H1       hazardunit                99    984.727   222.553     1207.280 
  M1       memory_cycle            3235  57112.646  7886.267    64998.913 
    DM1    DataMemory              3163  55638.962  7821.274    63460.236 
  M2       mux_218                   73    406.455   100.899      507.354 
