============================================================
  Generated by:           Genus(TM) Synthesis Solution 20.11-s111_1
  Generated on:           Jun 12 2026  08:41:21 pm
  Module:                 topmodule1
  Technology libraries:   slow 
                          fast 
                          typical 
                          physical_cells 
                          slow 
                          fast 
                          typical 
                          physical_cells 
  Operating conditions:   slow 
  Interconnect mode:      global
  Area mode:              physical library
============================================================

Timing
--------

Clock  Period 
--------------
clk   40000.0 
vclk  40000.0 


        Cost          Critical         Violating 
       Group         Path Slack  TNS     Paths   
-------------------------------------------------
cg_enable_group_clk     28230.8   0.0          0 
clk                       381.0   0.0          0 
default                No paths   0.0            
vclk                   No paths   0.0            
-------------------------------------------------
Total                             0.0          0 

Instance Count
--------------
Leaf Instance Count             19853 
Physical Instance count             0 
Sequential Instance Count        5586 
Combinational Instance Count    14267 
Hierarchical Instance Count       182 

Area
----
Cell Area                          227610.427
Physical Cell Area                 0.000
Total Cell Area (Cell+Physical)    227610.427
Net Area                           63549.836
Total Area (Cell+Physical+Net)     291160.263

Runtime                            519.181332 seconds
Elapsed Runtime                    844 seconds
Genus peak memory usage            1664.96 
Innovus peak memory usage          no_value 
Hostname                           localhost
