============================================================
  Generated by:           Genus(TM) Synthesis Solution 20.11-s111_1
  Generated on:           Jun 12 2026  08:41:24 pm
  Module:                 topmodule1
  Technology libraries:   slow 
                          fast 
                          typical 
                          physical_cells 
                          slow 
                          fast 
                          typical 
                          physical_cells 
  Operating conditions:   slow 
  Interconnect mode:      global
  Area mode:              physical library
============================================================

                                      Leakage   
    Gate     Instances     Area     Power (nW)  Library 
--------------------------------------------------------
ACHCONX2            31    1173.195    10095.212    slow 
ADDFHX1              3      63.580      279.438    slow 
ADDFHX2              1      22.707      127.443    slow 
ADDFX2               2      43.900      222.616    slow 
ADDHX1              21     254.318     2006.157    slow 
AND2X1             171     776.579     4646.258    slow 
AND2X2               2      10.597       75.550    slow 
AND2X4              67     557.835     4685.478    slow 
AND2X6              55     624.442     6103.570    slow 
AND2X8              10     136.242     1372.910    slow 
AND3X1               3      18.166       79.264    slow 
AND3X2              10      68.121      379.144    slow 
AND3X4               1       9.083       70.356    slow 
AND4X2               1       7.569       38.299    slow 
AND4X4               1       9.840       71.146    slow 
AO21X1              22     149.866      938.043    slow 
AO21X2              11      83.259      553.831    slow 
AO21X4               1       9.840       78.779    slow 
AO22X1             187    1415.403     8057.325    slow 
AOI211X1            27     143.054      538.523    slow 
AOI211X2             5      52.983      199.834    slow 
AOI211X4             8     157.435      636.598    slow 
AOI21X1            211     958.235     3829.249    slow 
AOI21X2            120     999.108     4322.736    slow 
AOI21X4            534    7679.507    38417.775    slow 
AOI21XL              1       4.541       12.201    slow 
AOI221X1           364    2755.116     7098.837    slow 
AOI221X4             2      48.442      155.286    slow 
AOI222X2             1      15.895       39.417    slow 
AOI222XL           165    1373.774     2145.742    slow 
AOI22X1            526    3185.035     9640.370    slow 
AOI22X2             57     560.863     2071.471    slow 
AOI22X4             55    1040.737     3980.163    slow 
AOI2BB1X1            6      36.331      188.636    slow 
AOI2BB1X2            3      24.978      112.585    slow 
AOI2BB1X4            7      84.773      524.512    slow 
AOI2BB2X1           13     118.076      467.311    slow 
AOI2BB2X2           14     180.142      772.211    slow 
AOI2BB2X4           14     307.301     1431.234    slow 
AOI31X1              5      30.276       89.442    slow 
AOI31X2              2      19.679       70.824    slow 
AOI31X4              9     183.927      637.567    slow 
AOI32X1             27     183.927      499.732    slow 
AOI32X2             11     133.214      405.035    slow 
AOI32X4              4      93.856      292.596    slow 
AOI33XL              1       7.569       12.192    slow 
BMXIX2              13     255.832     1612.962    slow 
BUFX12              20     317.898     4398.180    slow 
BUFX16              30     635.796     5590.560    slow 
BUFX2              442    2007.299    18250.445    slow 
BUFX20               8     205.877     2935.888    slow 
BUFX3              168    1017.274    10419.595    slow 
BUFX4                2      13.624      150.086    slow 
BUFX6              158    1435.082    19156.078    slow 
BUFX8               63     715.270     9286.389    slow 
CLKAND2X12          58    1360.906    14267.594    slow 
CLKAND2X2           53     280.810     2384.873    slow 
CLKAND2X3           79     717.541     6381.643    slow 
CLKAND2X6          143    2164.734    23079.056    slow 
CLKAND2X8           12     208.904     2007.072    slow 
CLKINVX1          1101    2500.041    14329.405    slow 
CLKINVX12           51     617.630     7671.267    slow 
CLKINVX16           19     316.384     1789.289    slow 
CLKINVX2           248     938.556     6444.999    slow 
CLKINVX20           18     354.229     4526.496    slow 
CLKINVX3           172     781.121     6704.887    slow 
CLKINVX4            80     484.416     4150.088    slow 
CLKINVX6           109     742.519     8203.373    slow 
CLKINVX8            82     744.790     8298.154    slow 
CLKMX2X3             2      19.679      154.874    slow 
CLKMX2X4             1      10.597       84.746    slow 
CLKXOR2X1          242    2014.868    17555.358    slow 
CLKXOR2X2           16     145.325     1342.822    slow 
DFFQX1            2048   32552.755   202516.079    slow 
DFFRHQX1          3320   67848.516   333500.650    slow 
DFFRHQX2            14     296.705     1704.654    slow 
DFFRHQX4            35     900.711     5779.200    slow 
DFFRX4               1      29.519      253.702    slow 
DFFSHQX1             4      84.773      434.004    slow 
DFFSHQX4             1      25.735      188.316    slow 
INVX12               7      84.773     1052.919    slow 
INVX16              31     516.206     2919.366    slow 
INVX2               63     238.423     1637.238    slow 
INVX3               22      99.911      857.602    slow 
INVX4               31     187.711     1608.159    slow 
INVX6               16     108.994     1204.165    slow 
INVX8               19     172.573     1922.743    slow 
INVXL                1       2.271        8.757    slow 
MX2X1              246    1675.777    13328.895    slow 
MX4XL              640   11625.984    50153.155    slow 
MXI2X1              23     156.678      750.548    slow 
MXI2X6               2      28.762      325.170    slow 
MXI2X8               1      15.895      188.863    slow 
MXI2XL             324    1961.885     8760.344    slow 
MXI4X1             562   10209.067    53452.215    slow 
NAND2BX1            74     336.064     2589.023    slow 
NAND2BX2            89     606.277     4877.601    slow 
NAND2BX4            56     635.796     5604.704    slow 
NAND2BXL            75     340.605     2158.012    slow 
NAND2X1            190     719.055     2664.940    slow 
NAND2X2            515    3118.428    14429.013    slow 
NAND2X4            414    4073.636    23186.939    slow 
NAND2X6            143    2056.497    11643.074    slow 
NAND2X8             46     765.983     5033.780    slow 
NAND2XL            371    1123.240     3446.360    slow 
NAND3BX1             8      48.442      273.530    slow 
NAND3BX2             5      45.414      266.001    slow 
NAND3BX4             7     111.264      691.382    slow 
NAND3X1             33     149.866      498.597    slow 
NAND3X2              3      24.978       90.342    slow 
NAND3X4             43     618.387     2586.416    slow 
NAND3X6             26     551.023     2278.169    slow 
NAND3X8             10     242.208     1176.260    slow 
NAND4BXL             1       6.812       27.800    slow 
NAND4X2              4      45.414      128.480    slow 
NAND4X4              5     102.181      320.854    slow 
NAND4X6             10     234.639      942.014    slow 
NAND4X8              2      63.580      252.810    slow 
NAND4XL             50     264.915      522.955    slow 
NOR2BX1            213     967.318     4268.073    slow 
NOR2BX2             25     170.303      959.498    slow 
NOR2BX4              5      56.767      378.320    slow 
NOR2X1              92     348.174     1670.536    slow 
NOR2X2             228    1380.586     8222.820    slow 
NOR2X4             229    2253.291    16519.716    slow 
NOR2X6              84    1080.853     8767.080    slow 
NOR2X8              36     599.465     5074.056    slow 
NOR2XL             326     986.998     4028.773    slow 
NOR3BX2              1       9.840       42.392    slow 
NOR3BX4              7     121.861      592.891    slow 
NOR3BXL              2      12.110       33.019    slow 
NOR3X1               6      27.248      122.055    slow 
NOR3X2               2      18.166       80.704    slow 
NOR3X4              21     333.793     1694.001    slow 
NOR3X6              12     254.318     1398.096    slow 
NOR3X8               1      27.248      157.643    slow 
NOR4BX1              5      34.060      112.884    slow 
NOR4BX2              1      12.867       43.878    slow 
NOR4X1               3      18.166       62.777    slow 
NOR4X4               2      39.359      166.335    slow 
NOR4X6               2      46.928      238.978    slow 
NOR4X8               1      31.790      161.575    slow 
OA21X1               4      27.248      131.802    slow 
OA21X4               1       9.840       76.429    slow 
OA22X1              47     355.743     2001.927    slow 
OA22X2               1       9.083       52.952    slow 
OA22X4               2      22.707      166.327    slow 
OAI211X1            37     196.037      521.822    slow 
OAI211X2            10     113.535      280.624    slow 
OAI211X4            11     216.473      617.800    slow 
OAI21X1            306    1389.668     3973.441    slow 
OAI21X2            242    2014.868     6289.652    slow 
OAI21X4            423    6083.205    21983.522    slow 
OAI21XL              4      18.166       34.913    slow 
OAI221X1           230    1740.870     3022.775    slow 
OAI221X2             2      27.248       52.187    slow 
OAI221X4             7     169.546      364.605    slow 
OAI222XL            60     499.554      734.298    slow 
OAI22X1            291    1762.063     5211.926    slow 
OAI22X2            108    1062.688     3866.973    slow 
OAI22X4            106    2166.248     7581.713    slow 
OAI2BB1X1          103     545.725     2190.480    slow 
OAI2BB1X2           36     272.484     1134.184    slow 
OAI2BB1X4           37     448.085     2279.185    slow 
OAI2BB2X1           15     147.596      875.441    slow 
OAI2BB2X2           25     359.527     2037.190    slow 
OAI2BB2X4            9     204.363     1260.180    slow 
OAI31X1              5      30.276       70.118    slow 
OAI31X2              6      68.121      170.173    slow 
OAI31X4              4      81.745      225.489    slow 
OAI32X1              1       6.812       17.872    slow 
OAI32X2              2      27.248       71.133    slow 
OAI32X4              1      24.978       71.098    slow 
OAI33X1              1       8.326       19.963    slow 
OR2X1               57     258.860     2425.715    slow 
OR2X2               14      74.176      778.502    slow 
OR2X4               33     274.755     3184.015    slow 
OR2X6               14     158.949     2295.762    slow 
OR2XL                4      18.166      153.119    slow 
OR3X1                2      12.110      113.957    slow 
OR3X2                1       6.812       70.076    slow 
OR4X1                6      40.873      427.352    slow 
TLATNTSCAX2        163    2837.618    16964.551    slow 
XNOR2X1            221    1840.024    15592.014    slow 
XNOR2X2              8      84.773      754.329    slow 
XNOR2X4              2      22.707      284.432    slow 
XNOR3X1              8     181.656     1590.080    slow 
XNOR3XL              2      45.414      391.652    slow 
XOR2X4               1      11.354      130.922    slow 
XOR2XL             102     849.242     6962.918    slow 
XOR3X1               1      22.707      197.993    slow 
--------------------------------------------------------
total            19853  227610.427  1262386.558         


                                                           Leakage   Leakage 
            Type             Instances    Area    Area %  Power (nW) Power % 
-----------------------------------------------------------------------------
sequential                        5423 101738.714   44.7  544376.604    43.1 
inverter                          2070   8890.547    3.9   73328.906     5.8 
buffer                             891   6348.120    2.8   70187.221     5.6 
clock_gating_integrated_cell       163   2837.618    1.2   16964.551     1.3 
unresolved                           2      0.000    0.0       0.000     0.0 
logic                            11306 107795.427   47.4  557529.276    44.2 
physical_cells                       0      0.000    0.0       0.000     0.0 
-----------------------------------------------------------------------------
total                            19855 227610.427  100.0 1262386.558   100.0 

