============================================================
  Generated by:           Genus(TM) Synthesis Solution 20.11-s111_1
  Generated on:           Jun 12 2026  08:43:46 pm
  Module:                 topmodule1
  Technology libraries:   slow 
                          fast 
                          typical 
                          physical_cells 
                          slow 
                          fast 
                          typical 
                          physical_cells 
  Operating conditions:   slow 
  Interconnect mode:      global
  Area mode:              physical library
============================================================

 Instance       Module       Cell Count  Cell Area  Net Area   Total Area 
--------------------------------------------------------------------------
topmodule1                        18865 217888.046 61286.482   279174.528 
  D1       decode_cycle            2577  35541.753  7746.685    43288.439 
    C1     controlunit               64    314.870   174.528      489.398 
    M1     mux2                       5     34.060     0.000       34.060 
    M2     mux                       34    196.037    40.400      236.437 
    R1     RegisterFileUnit        2297  32279.514  7151.948    39431.462 
    S1     sign_extend                1      4.541     0.000        4.541 
  E1       execute_cycle           9813  78481.447 31271.510   109752.957 
    A1     ALU                     9486  74433.546 29045.373   103478.919 
    M1     mux3to1                   78    587.354   181.749      769.104 
    M2     mux3to1_1                173   1747.682   373.649     2121.331 
  F1       fetch_cycle             3164  46504.693  7854.149    54358.842 
    I1     instruction_mem         3086  45481.364  7619.728    53101.093 
    P1     ProgramCounter            12    189.225    22.624      211.849 
  H1       hazardunit                83    700.889   183.365      884.255 
  M1       memory_cycle            3165  56277.029  7730.172    64007.201 
    DM1    DataMemory              3094  54819.239  7667.148    62486.387 
  M2       mux_218                   34    250.534    24.088      274.622 
