Command: report datapath > reports_250M/generic/topmodule1_datapath.rpt
============================================================
  Generated by:           Genus(TM) Synthesis Solution 20.11-s111_1
  Generated on:           Jun 12 2026  08:31:28 pm
  Module:                 topmodule1
  Technology libraries:   slow 
                          fast 
                          typical 
                          physical_cells 
                          slow 
                          fast 
                          typical 
                          physical_cells 
  Operating conditions:   slow 
  Interconnect mode:      global
  Area mode:              physical library
============================================================


Inferred components

                   Operator   Signedness Inputs Outputs CellArea 
=================================================================
topmodule1
 E1
  A1
   csa_tree_eq_83_23_groupi
    
    module:csa_tree_eq_83_23_group_2
     very_fast  csa_and_adder            32x32  1        1907.30 
    equation:
    wire [31:0] TMPDP_0;assign TMPDP_0 = 0 - in_0 + 0 - in_1 + 2'sb00;assign out_0 = (TMPDP_0 - 1 == -1);
-----------------------------------------------------------------
     eq_83_23
      very_fast       ==      unsigned   32x1   1                
=================================================================
topmodule1
 E1
  A1
   final_adder_F_F_mux_rd_d_26_6
    
    module:add_unsigned_697
     very_fast        +       unsigned   32x32  32       2349.79 
=================================================================
topmodule1
 E1
  A1
   gt_71_30_Y_lt_38_31
    
    module:gt_leq_signed_1517_4160
     very_fast       >,<=     signed     32x32  1x1      1144.38 
    equation:
    assign GT = $signed(A)>$signed(B); assign LE = $signed(A)<=$signed(B);
-----------------------------------------------------------------
     gt_71_30
      very_fast       >       signed     32x32  1                
     lt_38_31
      very_fast       <       signed     32x32  1                
=================================================================
topmodule1
 E1
  A1
   gt_72_21_Y_lt_39_22
    
    module:gt_leq_unsigned_4161
     very_fast       >,<=     unsigned   32x32  1x1      1144.38 
    equation:
    assign GT = A>B; assign LE = A<=B;
-----------------------------------------------------------------
     gt_72_21
      very_fast       >       unsigned   32x32  1                
     lt_39_22
      very_fast       <       unsigned   32x32  1                
=================================================================
topmodule1
 E1
  A1
   rem_60_52_Y_div_58_52
    
    module:shared_div_rem_unsigned_217
     very_fast    /(shared)   unsigned   32x32  32x32   74464.72 
    equation:
    wire [31:0] TMPDP_1 = A; assign QUOTIENT = (B==0) ? {32{1'b1}} : A/B; wire [31:0] TMPDP_2 = A; assign REMAINDER = (B==0) ? TMPDP_2[31:0] : A%B;
-----------------------------------------------------------------
     rem_60_52        %       unsigned   32x32  32               
     div_58_52        /       unsigned   32x32  32               
=================================================================
topmodule1
 E1
  A1
   sll_37_22
    
    module:shift_left_vlog_unsigned
     very_fast/barrel
                      <<      x          32x5   32       2998.27 
=================================================================
topmodule1
 E1
  A1
   sra_42_30
    
    module:arith_shift_right_vlog_signed
     very_fast/barrel
                     >>>      x          32x5   32       3181.37 
=================================================================
topmodule1
 E1
  A1
   srl_41_21
    
    module:shift_right_vlog_unsigned
     very_fast/barrel
                      >>      x          32x5   32       2998.27 
=================================================================

      Type        CellArea Percentage 
--------------------------------------
datapath modules  90188.48      23.58 
external muxes        0.00       0.00 
others           292220.46      76.42 
--------------------------------------
total            382408.94     100.00 

